0 verbose cli /Users/sarathpurushothamanc/.nvm/versions/node/v22.2.0/bin/node /Users/sarathpurushothamanc/.nvm/versions/node/v22.2.0/bin/npm
1 info using npm@10.7.0
2 info using node@v22.2.0
3 silly config:load:file:/Users/sarathpurushothamanc/.nvm/versions/node/v22.2.0/lib/node_modules/npm/npmrc
4 silly config:load:file:/Users/sarathpurushothamanc/.npmrc
5 silly config:load:file:/Users/sarathpurushothamanc/.nvm/versions/node/v22.2.0/etc/npmrc
6 verbose title npm install @expo/ngrok@4.1.0
7 verbose argv "install" "--global" "@expo/ngrok@4.1.0"
8 verbose logfile logs-max:10 dir:/Users/sarathpurushothamanc/product-photography/.npm-cache/_logs/2025-11-15T06_04_22_499Z-
9 verbose logfile /Users/sarathpurushothamanc/product-photography/.npm-cache/_logs/2025-11-15T06_04_22_499Z-debug-0.log
10 silly logfile start cleaning logs, removing 1 files
11 silly logfile done cleaning log files
12 silly idealTree buildDeps
13 silly fetch manifest @expo/ngrok@4.1.0
14 http fetch GET 200 https://registry.npmjs.org/@expo%2fngrok 962ms (cache miss)
15 silly placeDep ROOT @expo/ngrok@4.1.0 OK for:  want: 4.1.0
16 silly fetch manifest got@^11.5.1
17 silly fetch manifest uuid@^3.3.2
18 silly fetch manifest yaml@^1.10.0
19 silly fetch manifest @expo/ngrok-bin@2.3.40
20 http fetch GET 200 https://registry.npmjs.org/got 64ms (cache miss)
21 http fetch GET 200 https://registry.npmjs.org/yaml 336ms (cache revalidated)
22 http fetch GET 200 https://registry.npmjs.org/uuid 752ms (cache miss)
23 http fetch GET 200 https://registry.npmjs.org/@expo%2fngrok-bin 1728ms (cache miss)
24 silly placeDep node_modules/@expo/ngrok @expo/ngrok-bin@2.3.40 OK for: @expo/ngrok@4.1.0 want: 2.3.40
25 silly placeDep node_modules/@expo/ngrok got@11.8.6 OK for: @expo/ngrok@4.1.0 want: ^11.5.1
26 silly placeDep node_modules/@expo/ngrok uuid@3.4.0 OK for: @expo/ngrok@4.1.0 want: ^3.3.2
27 silly placeDep node_modules/@expo/ngrok yaml@1.10.2 OK for: @expo/ngrok@4.1.0 want: ^1.10.0
28 silly fetch manifest @expo/ngrok-bin-linux-arm@2.3.40
29 silly fetch manifest @expo/ngrok-bin-linux-x64@2.3.40
30 silly fetch manifest @expo/ngrok-bin-sunos-x64@2.3.40
31 silly fetch manifest @expo/ngrok-bin-win32-x64@2.3.40
32 silly fetch manifest @expo/ngrok-bin-darwin-x64@2.3.40
33 silly fetch manifest @expo/ngrok-bin-linux-ia32@2.3.40
34 silly fetch manifest @expo/ngrok-bin-win32-ia32@2.3.40
35 http fetch GET 200 https://registry.npmjs.org/@expo%2fngrok-bin-linux-ia32 1808ms (cache miss)
36 silly fetch manifest @expo/ngrok-bin-freebsd-x64@2.3.40
37 http fetch GET 200 https://registry.npmjs.org/@expo%2fngrok-bin-linux-x64 1811ms (cache miss)
38 silly fetch manifest @expo/ngrok-bin-linux-arm64@2.3.40
39 http fetch GET 200 https://registry.npmjs.org/@expo%2fngrok-bin-win32-ia32 1885ms (cache miss)
40 silly fetch manifest @expo/ngrok-bin-darwin-arm64@2.3.40
41 http fetch GET 200 https://registry.npmjs.org/@expo%2fngrok-bin-linux-arm 1923ms (cache miss)
42 silly fetch manifest @expo/ngrok-bin-freebsd-ia32@2.3.40
43 http fetch GET 200 https://registry.npmjs.org/@expo%2fngrok-bin-sunos-x64 1926ms (cache miss)
44 silly fetch manifest p-cancelable@^2.0.0
45 http fetch GET 200 https://registry.npmjs.org/@expo%2fngrok-bin-win32-x64 2263ms (cache miss)
46 silly fetch manifest responselike@^2.0.0
47 http fetch GET 200 https://registry.npmjs.org/p-cancelable 340ms (cache miss)
48 silly fetch manifest http2-wrapper@^1.0.0-beta.5.2
49 http fetch GET 200 https://registry.npmjs.org/@expo%2fngrok-bin-darwin-x64 2287ms (cache miss)
50 silly fetch manifest lowercase-keys@^2.0.0
51 http fetch GET 200 https://registry.npmjs.org/responselike 40ms (cache miss)
52 silly fetch manifest @sindresorhus/is@^4.0.0
53 http fetch GET 200 https://registry.npmjs.org/http2-wrapper 53ms (cache miss)
54 silly fetch manifest cacheable-lookup@^5.0.3
55 http fetch GET 200 https://registry.npmjs.org/lowercase-keys 67ms (cache miss)
56 silly fetch manifest cacheable-request@^7.0.2
57 http fetch GET 200 https://registry.npmjs.org/cacheable-request 49ms (cache miss)
58 silly fetch manifest @types/responselike@^1.0.0
59 http fetch GET 200 https://registry.npmjs.org/cacheable-lookup 196ms (cache miss)
60 silly fetch manifest decompress-response@^6.0.0
61 http fetch GET 200 https://registry.npmjs.org/decompress-response 486ms (cache miss)
62 silly fetch manifest @szmarczak/http-timer@^4.0.5
63 http fetch GET 200 https://registry.npmjs.org/@types%2fresponselike 600ms (cache miss)
64 silly fetch manifest @types/cacheable-request@^6.0.1
65 http fetch GET 200 https://registry.npmjs.org/@sindresorhus%2fis 840ms (cache miss)
66 http fetch GET 200 https://registry.npmjs.org/@szmarczak%2fhttp-timer 358ms (cache miss)
67 http fetch GET 200 https://registry.npmjs.org/@expo%2fngrok-bin-linux-arm64 1591ms (cache miss)
68 http fetch GET 200 https://registry.npmjs.org/@types%2fcacheable-request 626ms (cache miss)
69 http fetch GET 200 https://registry.npmjs.org/@expo%2fngrok-bin-freebsd-ia32 1714ms (cache miss)
70 http fetch GET 200 https://registry.npmjs.org/@expo%2fngrok-bin-darwin-arm64 1842ms (cache miss)
71 http fetch GET 200 https://registry.npmjs.org/@expo%2fngrok-bin-freebsd-x64 1975ms (cache miss)
72 silly placeDep node_modules/@expo/ngrok @expo/ngrok-bin-darwin-arm64@2.3.40 OK for: @expo/ngrok-bin@2.3.40 want: 2.3.40
73 silly placeDep node_modules/@expo/ngrok @expo/ngrok-bin-darwin-x64@2.3.40 OK for: @expo/ngrok-bin@2.3.40 want: 2.3.40
74 silly placeDep node_modules/@expo/ngrok @expo/ngrok-bin-freebsd-ia32@2.3.40 OK for: @expo/ngrok-bin@2.3.40 want: 2.3.40
75 silly placeDep node_modules/@expo/ngrok @expo/ngrok-bin-freebsd-x64@2.3.40 OK for: @expo/ngrok-bin@2.3.40 want: 2.3.40
76 silly placeDep node_modules/@expo/ngrok @expo/ngrok-bin-linux-arm@2.3.40 OK for: @expo/ngrok-bin@2.3.40 want: 2.3.40
77 silly placeDep node_modules/@expo/ngrok @expo/ngrok-bin-linux-arm64@2.3.40 OK for: @expo/ngrok-bin@2.3.40 want: 2.3.40
78 silly placeDep node_modules/@expo/ngrok @expo/ngrok-bin-linux-ia32@2.3.40 OK for: @expo/ngrok-bin@2.3.40 want: 2.3.40
79 silly placeDep node_modules/@expo/ngrok @expo/ngrok-bin-linux-x64@2.3.40 OK for: @expo/ngrok-bin@2.3.40 want: 2.3.40
80 silly placeDep node_modules/@expo/ngrok @expo/ngrok-bin-sunos-x64@2.3.40 OK for: @expo/ngrok-bin@2.3.40 want: 2.3.40
81 silly placeDep node_modules/@expo/ngrok @expo/ngrok-bin-win32-ia32@2.3.40 OK for: @expo/ngrok-bin@2.3.40 want: 2.3.40
82 silly placeDep node_modules/@expo/ngrok @expo/ngrok-bin-win32-x64@2.3.40 OK for: @expo/ngrok-bin@2.3.40 want: 2.3.40
83 silly placeDep node_modules/@expo/ngrok @sindresorhus/is@4.6.0 OK for: got@11.8.6 want: ^4.0.0
84 silly placeDep node_modules/@expo/ngrok @szmarczak/http-timer@4.0.6 OK for: got@11.8.6 want: ^4.0.5
85 silly placeDep node_modules/@expo/ngrok @types/cacheable-request@6.0.3 OK for: got@11.8.6 want: ^6.0.1
86 silly placeDep node_modules/@expo/ngrok @types/responselike@1.0.3 OK for: got@11.8.6 want: ^1.0.0
87 silly placeDep node_modules/@expo/ngrok cacheable-lookup@5.0.4 OK for: got@11.8.6 want: ^5.0.3
88 silly placeDep node_modules/@expo/ngrok cacheable-request@7.0.4 OK for: got@11.8.6 want: ^7.0.2
89 silly placeDep node_modules/@expo/ngrok decompress-response@6.0.0 OK for: got@11.8.6 want: ^6.0.0
90 silly placeDep node_modules/@expo/ngrok http2-wrapper@1.0.3 OK for: got@11.8.6 want: ^1.0.0-beta.5.2
91 silly placeDep node_modules/@expo/ngrok lowercase-keys@2.0.0 OK for: got@11.8.6 want: ^2.0.0
92 silly placeDep node_modules/@expo/ngrok p-cancelable@2.1.1 OK for: got@11.8.6 want: ^2.0.0
93 silly placeDep node_modules/@expo/ngrok responselike@2.0.1 OK for: got@11.8.6 want: ^2.0.0
94 silly fetch manifest defer-to-connect@^2.0.0
95 silly fetch manifest @types/keyv@^3.1.4
96 silly fetch manifest @types/node@*
97 silly fetch manifest @types/http-cache-semantics@*
98 silly fetch manifest keyv@^4.0.0
99 silly fetch manifest get-stream@^5.1.0
100 http fetch GET 200 https://registry.npmjs.org/defer-to-connect 31ms (cache miss)
101 silly fetch manifest normalize-url@^6.0.1
102 http fetch GET 200 https://registry.npmjs.org/get-stream 81ms (cache miss)
103 silly fetch manifest clone-response@^1.0.2
104 http fetch GET 200 https://registry.npmjs.org/keyv 112ms (cache miss)
105 silly fetch manifest http-cache-semantics@^4.0.0
106 http fetch GET 200 https://registry.npmjs.org/normalize-url 376ms (cache miss)
107 silly fetch manifest mimic-response@^3.1.0
108 http fetch GET 200 https://registry.npmjs.org/@types%2fhttp-cache-semantics 413ms (cache miss)
109 silly fetch manifest quick-lru@^5.1.1
110 http fetch GET 200 https://registry.npmjs.org/http-cache-semantics 360ms (cache miss)
111 silly fetch manifest resolve-alpn@^1.0.0
112 http fetch GET 200 https://registry.npmjs.org/clone-response 515ms (cache miss)
113 http fetch GET 200 https://registry.npmjs.org/mimic-response 325ms (cache miss)
114 http fetch GET 200 https://registry.npmjs.org/quick-lru 350ms (cache miss)
115 http fetch GET 200 https://registry.npmjs.org/resolve-alpn 290ms (cache miss)
116 http fetch GET 200 https://registry.npmjs.org/@types%2fkeyv 831ms (cache miss)
117 http fetch GET 200 https://registry.npmjs.org/@types%2fnode 1562ms (cache miss)
118 silly placeDep node_modules/@expo/ngrok defer-to-connect@2.0.1 OK for: @szmarczak/http-timer@4.0.6 want: ^2.0.0
119 silly placeDep node_modules/@expo/ngrok @types/http-cache-semantics@4.0.4 OK for: @types/cacheable-request@6.0.3 want: *
120 silly placeDep node_modules/@expo/ngrok @types/keyv@3.1.4 OK for: @types/cacheable-request@6.0.3 want: ^3.1.4
121 silly placeDep node_modules/@expo/ngrok @types/node@24.10.1 OK for: @types/cacheable-request@6.0.3 want: *
122 silly fetch manifest undici-types@~7.16.0
123 http fetch GET 200 https://registry.npmjs.org/undici-types 92ms (cache miss)
124 silly placeDep node_modules/@expo/ngrok undici-types@7.16.0 OK for: @types/node@24.10.1 want: ~7.16.0
125 silly placeDep node_modules/@expo/ngrok clone-response@1.0.3 OK for: cacheable-request@7.0.4 want: ^1.0.2
126 silly placeDep node_modules/@expo/ngrok get-stream@5.2.0 OK for: cacheable-request@7.0.4 want: ^5.1.0
127 silly placeDep node_modules/@expo/ngrok http-cache-semantics@4.2.0 OK for: cacheable-request@7.0.4 want: ^4.0.0
128 silly placeDep node_modules/@expo/ngrok keyv@4.5.4 OK for: cacheable-request@7.0.4 want: ^4.0.0
129 silly placeDep node_modules/@expo/ngrok normalize-url@6.1.0 OK for: cacheable-request@7.0.4 want: ^6.0.1
130 silly fetch manifest mimic-response@^1.0.0
131 silly fetch manifest pump@^3.0.0
132 silly fetch manifest json-buffer@3.0.1
133 http fetch GET 200 https://registry.npmjs.org/pump 45ms (cache miss)
134 http fetch GET 200 https://registry.npmjs.org/json-buffer 46ms (cache miss)
135 silly placeDep node_modules/@expo/ngrok mimic-response@1.0.1 OK for: clone-response@1.0.3 want: ^1.0.0
136 silly placeDep node_modules/@expo/ngrok/node_modules/decompress-response mimic-response@3.1.0 OK for: decompress-response@6.0.0 want: ^3.1.0
137 silly placeDep node_modules/@expo/ngrok pump@3.0.3 OK for: get-stream@5.2.0 want: ^3.0.0
138 silly fetch manifest end-of-stream@^1.1.0
139 silly fetch manifest once@^1.3.1
140 http fetch GET 200 https://registry.npmjs.org/end-of-stream 108ms (cache miss)
141 http fetch GET 200 https://registry.npmjs.org/once 194ms (cache miss)
142 silly placeDep node_modules/@expo/ngrok quick-lru@5.1.1 OK for: http2-wrapper@1.0.3 want: ^5.1.1
143 silly placeDep node_modules/@expo/ngrok resolve-alpn@1.2.1 OK for: http2-wrapper@1.0.3 want: ^1.0.0
144 silly placeDep node_modules/@expo/ngrok json-buffer@3.0.1 OK for: keyv@4.5.4 want: 3.0.1
145 silly placeDep node_modules/@expo/ngrok end-of-stream@1.4.5 OK for: pump@3.0.3 want: ^1.1.0
146 silly placeDep node_modules/@expo/ngrok once@1.4.0 OK for: pump@3.0.3 want: ^1.3.1
147 silly fetch manifest once@^1.4.0
148 silly fetch manifest wrappy@1
149 http fetch GET 200 https://registry.npmjs.org/wrappy 225ms (cache miss)
150 silly placeDep node_modules/@expo/ngrok wrappy@1.0.2 OK for: once@1.4.0 want: 1
151 silly reify mark retired [
151 silly reify   '/Users/sarathpurushothamanc/.nvm/versions/node/v22.2.0/lib/node_modules/@expo/ngrok'
151 silly reify ]
152 silly reify moves {
152 silly reify   '/Users/sarathpurushothamanc/.nvm/versions/node/v22.2.0/lib/node_modules/@expo/ngrok': '/Users/sarathpurushothamanc/.nvm/versions/node/v22.2.0/lib/node_modules/@expo/.ngrok-Udo79Sve'
152 silly reify }
153 verbose reify failed optional dependency /Users/sarathpurushothamanc/.nvm/versions/node/v22.2.0/lib/node_modules/@expo/ngrok/node_modules/@expo/ngrok-bin-win32-x64
154 silly reify mark deleted [
154 silly reify   '/Users/sarathpurushothamanc/.nvm/versions/node/v22.2.0/lib/node_modules/@expo/ngrok/node_modules/@expo/ngrok-bin-win32-x64'
154 silly reify ]
155 verbose reify failed optional dependency /Users/sarathpurushothamanc/.nvm/versions/node/v22.2.0/lib/node_modules/@expo/ngrok/node_modules/@expo/ngrok-bin-win32-ia32
156 silly reify mark deleted [
156 silly reify   '/Users/sarathpurushothamanc/.nvm/versions/node/v22.2.0/lib/node_modules/@expo/ngrok/node_modules/@expo/ngrok-bin-win32-ia32'
156 silly reify ]
157 verbose reify failed optional dependency /Users/sarathpurushothamanc/.nvm/versions/node/v22.2.0/lib/node_modules/@expo/ngrok/node_modules/@expo/ngrok-bin-sunos-x64
158 silly reify mark deleted [
158 silly reify   '/Users/sarathpurushothamanc/.nvm/versions/node/v22.2.0/lib/node_modules/@expo/ngrok/node_modules/@expo/ngrok-bin-sunos-x64'
158 silly reify ]
159 verbose reify failed optional dependency /Users/sarathpurushothamanc/.nvm/versions/node/v22.2.0/lib/node_modules/@expo/ngrok/node_modules/@expo/ngrok-bin-linux-x64
160 silly reify mark deleted [
160 silly reify   '/Users/sarathpurushothamanc/.nvm/versions/node/v22.2.0/lib/node_modules/@expo/ngrok/node_modules/@expo/ngrok-bin-linux-x64'
160 silly reify ]
161 verbose reify failed optional dependency /Users/sarathpurushothamanc/.nvm/versions/node/v22.2.0/lib/node_modules/@expo/ngrok/node_modules/@expo/ngrok-bin-linux-ia32
162 silly reify mark deleted [
162 silly reify   '/Users/sarathpurushothamanc/.nvm/versions/node/v22.2.0/lib/node_modules/@expo/ngrok/node_modules/@expo/ngrok-bin-linux-ia32'
162 silly reify ]
163 verbose reify failed optional dependency /Users/sarathpurushothamanc/.nvm/versions/node/v22.2.0/lib/node_modules/@expo/ngrok/node_modules/@expo/ngrok-bin-linux-arm64
164 silly reify mark deleted [
164 silly reify   '/Users/sarathpurushothamanc/.nvm/versions/node/v22.2.0/lib/node_modules/@expo/ngrok/node_modules/@expo/ngrok-bin-linux-arm64'
164 silly reify ]
165 verbose reify failed optional dependency /Users/sarathpurushothamanc/.nvm/versions/node/v22.2.0/lib/node_modules/@expo/ngrok/node_modules/@expo/ngrok-bin-linux-arm
166 silly reify mark deleted [
166 silly reify   '/Users/sarathpurushothamanc/.nvm/versions/node/v22.2.0/lib/node_modules/@expo/ngrok/node_modules/@expo/ngrok-bin-linux-arm'
166 silly reify ]
167 verbose reify failed optional dependency /Users/sarathpurushothamanc/.nvm/versions/node/v22.2.0/lib/node_modules/@expo/ngrok/node_modules/@expo/ngrok-bin-freebsd-x64
168 silly reify mark deleted [
168 silly reify   '/Users/sarathpurushothamanc/.nvm/versions/node/v22.2.0/lib/node_modules/@expo/ngrok/node_modules/@expo/ngrok-bin-freebsd-x64'
168 silly reify ]
169 verbose reify failed optional dependency /Users/sarathpurushothamanc/.nvm/versions/node/v22.2.0/lib/node_modules/@expo/ngrok/node_modules/@expo/ngrok-bin-freebsd-ia32
170 silly reify mark deleted [
170 silly reify   '/Users/sarathpurushothamanc/.nvm/versions/node/v22.2.0/lib/node_modules/@expo/ngrok/node_modules/@expo/ngrok-bin-freebsd-ia32'
170 silly reify ]
171 verbose reify failed optional dependency /Users/sarathpurushothamanc/.nvm/versions/node/v22.2.0/lib/node_modules/@expo/ngrok/node_modules/@expo/ngrok-bin-darwin-x64
172 silly reify mark deleted [
172 silly reify   '/Users/sarathpurushothamanc/.nvm/versions/node/v22.2.0/lib/node_modules/@expo/ngrok/node_modules/@expo/ngrok-bin-darwin-x64'
172 silly reify ]
173 silly tarball no local data for @expo/ngrok@https://registry.npmjs.org/@expo/ngrok/-/ngrok-4.1.0.tgz. Extracting by manifest.
174 silly tarball no local data for @types/node@https://registry.npmjs.org/@types/node/-/node-24.10.1.tgz. Extracting by manifest.
175 silly tarball no local data for @types/keyv@https://registry.npmjs.org/@types/keyv/-/keyv-3.1.4.tgz. Extracting by manifest.
176 silly tarball no local data for @szmarczak/http-timer@https://registry.npmjs.org/@szmarczak/http-timer/-/http-timer-4.0.6.tgz. Extracting by manifest.
177 silly tarball no local data for @sindresorhus/is@https://registry.npmjs.org/@sindresorhus/is/-/is-4.6.0.tgz. Extracting by manifest.
178 silly tarball no local data for @expo/ngrok-bin-darwin-arm64@https://registry.npmjs.org/@expo/ngrok-bin-darwin-arm64/-/ngrok-bin-darwin-arm64-2.3.40.tgz. Extracting by manifest.
179 silly tarball no local data for @types/cacheable-request@https://registry.npmjs.org/@types/cacheable-request/-/cacheable-request-6.0.3.tgz. Extracting by manifest.
180 silly tarball no local data for quick-lru@https://registry.npmjs.org/quick-lru/-/quick-lru-5.1.1.tgz. Extracting by manifest.
181 silly tarball no local data for @types/responselike@https://registry.npmjs.org/@types/responselike/-/responselike-1.0.3.tgz. Extracting by manifest.
182 silly tarball no local data for @expo/ngrok-bin@https://registry.npmjs.org/@expo/ngrok-bin/-/ngrok-bin-2.3.40.tgz. Extracting by manifest.
183 silly tarball no local data for yaml@https://registry.npmjs.org/yaml/-/yaml-1.10.2.tgz. Extracting by manifest.
184 silly tarball no local data for once@https://registry.npmjs.org/once/-/once-1.4.0.tgz. Extracting by manifest.
185 silly tarball no local data for @types/http-cache-semantics@https://registry.npmjs.org/@types/http-cache-semantics/-/http-cache-semantics-4.0.4.tgz. Extracting by manifest.
186 silly tarball no local data for uuid@https://registry.npmjs.org/uuid/-/uuid-3.4.0.tgz. Extracting by manifest.
187 silly tarball no local data for p-cancelable@https://registry.npmjs.org/p-cancelable/-/p-cancelable-2.1.1.tgz. Extracting by manifest.
188 silly tarball no local data for undici-types@https://registry.npmjs.org/undici-types/-/undici-types-7.16.0.tgz. Extracting by manifest.
189 silly tarball no local data for wrappy@https://registry.npmjs.org/wrappy/-/wrappy-1.0.2.tgz. Extracting by manifest.
190 silly tarball no local data for pump@https://registry.npmjs.org/pump/-/pump-3.0.3.tgz. Extracting by manifest.
191 silly tarball no local data for resolve-alpn@https://registry.npmjs.org/resolve-alpn/-/resolve-alpn-1.2.1.tgz. Extracting by manifest.
192 silly tarball no local data for normalize-url@https://registry.npmjs.org/normalize-url/-/normalize-url-6.1.0.tgz. Extracting by manifest.
193 silly tarball no local data for json-buffer@https://registry.npmjs.org/json-buffer/-/json-buffer-3.0.1.tgz. Extracting by manifest.
194 silly tarball no local data for lowercase-keys@https://registry.npmjs.org/lowercase-keys/-/lowercase-keys-2.0.0.tgz. Extracting by manifest.
195 silly tarball no local data for mimic-response@https://registry.npmjs.org/mimic-response/-/mimic-response-1.0.1.tgz. Extracting by manifest.
196 silly tarball no local data for end-of-stream@https://registry.npmjs.org/end-of-stream/-/end-of-stream-1.4.5.tgz. Extracting by manifest.
197 silly tarball no local data for cacheable-request@https://registry.npmjs.org/cacheable-request/-/cacheable-request-7.0.4.tgz. Extracting by manifest.
198 silly tarball no local data for http-cache-semantics@https://registry.npmjs.org/http-cache-semantics/-/http-cache-semantics-4.2.0.tgz. Extracting by manifest.
199 silly tarball no local data for keyv@https://registry.npmjs.org/keyv/-/keyv-4.5.4.tgz. Extracting by manifest.
200 silly tarball no local data for got@https://registry.npmjs.org/got/-/got-11.8.6.tgz. Extracting by manifest.
201 silly tarball no local data for http2-wrapper@https://registry.npmjs.org/http2-wrapper/-/http2-wrapper-1.0.3.tgz. Extracting by manifest.
202 silly tarball no local data for get-stream@https://registry.npmjs.org/get-stream/-/get-stream-5.2.0.tgz. Extracting by manifest.
203 silly tarball no local data for defer-to-connect@https://registry.npmjs.org/defer-to-connect/-/defer-to-connect-2.0.1.tgz. Extracting by manifest.
204 silly tarball no local data for cacheable-lookup@https://registry.npmjs.org/cacheable-lookup/-/cacheable-lookup-5.0.4.tgz. Extracting by manifest.
205 silly tarball no local data for clone-response@https://registry.npmjs.org/clone-response/-/clone-response-1.0.3.tgz. Extracting by manifest.
206 silly tarball no local data for responselike@https://registry.npmjs.org/responselike/-/responselike-2.0.1.tgz. Extracting by manifest.
207 silly tarball no local data for decompress-response@https://registry.npmjs.org/decompress-response/-/decompress-response-6.0.0.tgz. Extracting by manifest.
208 silly tarball no local data for mimic-response@https://registry.npmjs.org/mimic-response/-/mimic-response-3.1.0.tgz. Extracting by manifest.
209 http fetch GET 200 https://registry.npmjs.org/@sindresorhus/is/-/is-4.6.0.tgz 388ms (cache miss)
210 http fetch GET 200 https://registry.npmjs.org/@types/cacheable-request/-/cacheable-request-6.0.3.tgz 415ms (cache miss)
211 http fetch GET 200 https://registry.npmjs.org/@szmarczak/http-timer/-/http-timer-4.0.6.tgz 488ms (cache miss)
212 http fetch GET 200 https://registry.npmjs.org/uuid/-/uuid-3.4.0.tgz 487ms (cache miss)
213 warn deprecated uuid@3.4.0: Please upgrade  to version 7 or higher.  Older versions may use Math.random() in certain circumstances, which is known to be problematic.  See https://v8.dev/blog/math-random for details.
214 http fetch GET 200 https://registry.npmjs.org/once/-/once-1.4.0.tgz 566ms (cache miss)
215 http fetch GET 200 https://registry.npmjs.org/@types/keyv/-/keyv-3.1.4.tgz 583ms (cache miss)
216 http fetch GET 200 https://registry.npmjs.org/yaml/-/yaml-1.10.2.tgz 582ms (cache miss)
217 http fetch GET 200 https://registry.npmjs.org/quick-lru/-/quick-lru-5.1.1.tgz 591ms (cache miss)
218 http fetch GET 200 https://registry.npmjs.org/p-cancelable/-/p-cancelable-2.1.1.tgz 591ms (cache miss)
219 http fetch GET 200 https://registry.npmjs.org/wrappy/-/wrappy-1.0.2.tgz 607ms (cache miss)
220 http fetch GET 200 https://registry.npmjs.org/@types/responselike/-/responselike-1.0.3.tgz 610ms (cache miss)
221 http fetch GET 200 https://registry.npmjs.org/pump/-/pump-3.0.3.tgz 608ms (cache miss)
222 http fetch GET 200 https://registry.npmjs.org/undici-types/-/undici-types-7.16.0.tgz 610ms (cache miss)
223 http fetch GET 200 https://registry.npmjs.org/@types/node/-/node-24.10.1.tgz 615ms (cache miss)
224 http fetch GET 200 https://registry.npmjs.org/resolve-alpn/-/resolve-alpn-1.2.1.tgz 615ms (cache miss)
225 http fetch GET 200 https://registry.npmjs.org/normalize-url/-/normalize-url-6.1.0.tgz 616ms (cache miss)
226 http fetch GET 200 https://registry.npmjs.org/json-buffer/-/json-buffer-3.0.1.tgz 628ms (cache miss)
227 http fetch GET 200 https://registry.npmjs.org/mimic-response/-/mimic-response-1.0.1.tgz 629ms (cache miss)
228 http fetch GET 200 https://registry.npmjs.org/lowercase-keys/-/lowercase-keys-2.0.0.tgz 629ms (cache miss)
229 http fetch GET 200 https://registry.npmjs.org/end-of-stream/-/end-of-stream-1.4.5.tgz 629ms (cache miss)
230 http fetch GET 200 https://registry.npmjs.org/keyv/-/keyv-4.5.4.tgz 641ms (cache miss)
231 http fetch GET 200 https://registry.npmjs.org/http-cache-semantics/-/http-cache-semantics-4.2.0.tgz 644ms (cache miss)
232 http fetch GET 200 https://registry.npmjs.org/cacheable-request/-/cacheable-request-7.0.4.tgz 691ms (cache miss)
233 http fetch GET 200 https://registry.npmjs.org/http2-wrapper/-/http2-wrapper-1.0.3.tgz 748ms (cache miss)
234 http fetch GET 200 https://registry.npmjs.org/get-stream/-/get-stream-5.2.0.tgz 749ms (cache miss)
235 http fetch GET 200 https://registry.npmjs.org/@types/http-cache-semantics/-/http-cache-semantics-4.0.4.tgz 751ms (cache miss)
236 http fetch GET 200 https://registry.npmjs.org/defer-to-connect/-/defer-to-connect-2.0.1.tgz 750ms (cache miss)
237 http fetch GET 200 https://registry.npmjs.org/responselike/-/responselike-2.0.1.tgz 758ms (cache miss)
238 http fetch GET 200 https://registry.npmjs.org/cacheable-lookup/-/cacheable-lookup-5.0.4.tgz 759ms (cache miss)
239 http fetch GET 200 https://registry.npmjs.org/clone-response/-/clone-response-1.0.3.tgz 759ms (cache miss)
240 http fetch GET 200 https://registry.npmjs.org/mimic-response/-/mimic-response-3.1.0.tgz 759ms (cache miss)
241 http fetch GET 200 https://registry.npmjs.org/decompress-response/-/decompress-response-6.0.0.tgz 759ms (cache miss)
242 http fetch GET 200 https://registry.npmjs.org/got/-/got-11.8.6.tgz 781ms (cache miss)
243 http fetch GET 200 https://registry.npmjs.org/@expo/ngrok/-/ngrok-4.1.0.tgz 820ms (cache miss)
244 http fetch GET 200 https://registry.npmjs.org/@expo/ngrok-bin/-/ngrok-bin-2.3.40.tgz 1469ms (cache miss)
245 http fetch GET 200 https://registry.npmjs.org/@expo/ngrok-bin-darwin-arm64/-/ngrok-bin-darwin-arm64-2.3.40.tgz 4663ms (cache miss)
246 silly CHANGE node_modules/@expo/ngrok
247 silly ADD
248 silly ADD
249 silly ADD
250 silly ADD
251 silly ADD
252 silly ADD
253 silly ADD
254 silly ADD
255 silly ADD
256 silly ADD
257 silly CHANGE node_modules/@expo/ngrok/node_modules/@types/node
258 silly CHANGE node_modules/@expo/ngrok/node_modules/@types/keyv
259 silly CHANGE node_modules/@expo/ngrok/node_modules/@szmarczak/http-timer
260 silly CHANGE node_modules/@expo/ngrok/node_modules/@sindresorhus/is
261 silly CHANGE node_modules/@expo/ngrok/node_modules/@types/cacheable-request
262 silly CHANGE node_modules/@expo/ngrok/node_modules/quick-lru
263 silly CHANGE node_modules/@expo/ngrok/node_modules/@types/responselike
264 silly CHANGE node_modules/@expo/ngrok/node_modules/@expo/ngrok-bin-darwin-arm64
265 silly CHANGE node_modules/@expo/ngrok/node_modules/@expo/ngrok-bin
266 silly CHANGE node_modules/@expo/ngrok/node_modules/once
267 silly CHANGE node_modules/@expo/ngrok/node_modules/@types/http-cache-semantics
268 silly CHANGE node_modules/@expo/ngrok/node_modules/yaml
269 silly CHANGE node_modules/@expo/ngrok/node_modules/responselike
270 silly CHANGE node_modules/@expo/ngrok/node_modules/uuid
271 silly CHANGE node_modules/@expo/ngrok/node_modules/p-cancelable
272 silly CHANGE node_modules/@expo/ngrok/node_modules/undici-types
273 silly CHANGE node_modules/@expo/ngrok/node_modules/wrappy
274 silly CHANGE node_modules/@expo/ngrok/node_modules/resolve-alpn
275 silly CHANGE node_modules/@expo/ngrok/node_modules/pump
276 silly CHANGE node_modules/@expo/ngrok/node_modules/normalize-url
277 silly CHANGE node_modules/@expo/ngrok/node_modules/json-buffer
278 silly CHANGE node_modules/@expo/ngrok/node_modules/end-of-stream
279 silly CHANGE node_modules/@expo/ngrok/node_modules/lowercase-keys
280 silly CHANGE node_modules/@expo/ngrok/node_modules/mimic-response
281 silly CHANGE node_modules/@expo/ngrok/node_modules/http-cache-semantics
282 silly CHANGE node_modules/@expo/ngrok/node_modules/cacheable-request
283 silly CHANGE node_modules/@expo/ngrok/node_modules/defer-to-connect
284 silly CHANGE node_modules/@expo/ngrok/node_modules/keyv
285 silly CHANGE node_modules/@expo/ngrok/node_modules/http2-wrapper
286 silly CHANGE node_modules/@expo/ngrok/node_modules/got
287 silly CHANGE node_modules/@expo/ngrok/node_modules/get-stream
288 silly CHANGE node_modules/@expo/ngrok/node_modules/clone-response
289 silly CHANGE node_modules/@expo/ngrok/node_modules/cacheable-lookup
290 silly CHANGE node_modules/@expo/ngrok/node_modules/decompress-response
291 silly CHANGE node_modules/@expo/ngrok/node_modules/decompress-response/node_modules/mimic-response
292 verbose exit 0
293 info ok
